c:\users\82104\source\repos\practice2021\practice2021\debug\vc142.pdb
c:\users\82104\source\repos\practice2021\practice2021\debug\vc142.idb
c:\users\82104\source\repos\practice2021\practice2021\debug\hw4_p72_201823871.obj
c:\users\82104\source\repos\practice2021\practice2021\debug\hw4_p75_201823871.obj
c:\users\82104\source\repos\practice2021\practice2021\debug\hw4_p82_201823871.obj
c:\users\82104\source\repos\practice2021\practice2021\debug\hw4_p97_201823871.obj
c:\users\82104\source\repos\practice2021\practice2021\debug\hw4_q4_201823871.obj
c:\users\82104\source\repos\practice2021\practice2021\debug\dustmq.obj
c:\users\82104\source\repos\practice2021\practice2021\debug\hw4_q1_201823871.obj
c:\users\82104\source\repos\practice2021\practice2021\debug\hw4_q2_201823871.obj
c:\users\82104\source\repos\practice2021\practice2021\debug\hw4_q3_201823871.obj
c:\users\82104\source\repos\practice2021\debug\practice2021.exe
c:\users\82104\source\repos\practice2021\practice2021\debug\practice2021.ilk
c:\users\82104\source\repos\practice2021\debug\practice2021.pdb
c:\users\82104\source\repos\practice2021\practice2021\debug\gugu3.obj
c:\users\82104\source\repos\practice2021\practice2021\debug\hw4_201823871.ilk
c:\users\82104\source\repos\practice2021\practice2021\debug\practice2021.tlog\cl.command.1.tlog
c:\users\82104\source\repos\practice2021\practice2021\debug\practice2021.tlog\cl.read.1.tlog
c:\users\82104\source\repos\practice2021\practice2021\debug\practice2021.tlog\cl.write.1.tlog
c:\users\82104\source\repos\practice2021\practice2021\debug\practice2021.tlog\link.command.1.tlog
c:\users\82104\source\repos\practice2021\practice2021\debug\practice2021.tlog\link.read.1.tlog
c:\users\82104\source\repos\practice2021\practice2021\debug\practice2021.tlog\link.write.1.tlog
