  main.c
C:\Users\82104\source\repos\자료구조_과제2-1_201823871_박지헌\자료구조_과제2-1_201823871_박지헌\main.c(23,32): warning C4047: '함수': 'const char *'의 간접 참조 수준이 'char'과(와) 다릅니다.
C:\Users\82104\source\repos\자료구조_과제2-1_201823871_박지헌\자료구조_과제2-1_201823871_박지헌\main.c(23,28): warning C4024: 'strcpy': 형식 및 실제 매개 변수 2의 형식이 서로 다릅니다.
C:\Users\82104\source\repos\자료구조_과제2-1_201823871_박지헌\자료구조_과제2-1_201823871_박지헌\main.c(25,40): warning C4047: '함수': 'const char *'의 간접 참조 수준이 'char'과(와) 다릅니다.
C:\Users\82104\source\repos\자료구조_과제2-1_201823871_박지헌\자료구조_과제2-1_201823871_박지헌\main.c(25,32): warning C4024: 'strcpy': 형식 및 실제 매개 변수 2의 형식이 서로 다릅니다.
C:\Users\82104\source\repos\자료구조_과제2-1_201823871_박지헌\자료구조_과제2-1_201823871_박지헌\main.c(31,30): warning C4047: '>': 'char [10]'의 간접 참조 수준이 'int'과(와) 다릅니다.
C:\Users\82104\source\repos\자료구조_과제2-1_201823871_박지헌\자료구조_과제2-1_201823871_박지헌\main.c(51,26): warning C4047: '>': 'char [10]'의 간접 참조 수준이 'int'과(와) 다릅니다.
C:\Users\82104\source\repos\자료구조_과제2-1_201823871_박지헌\자료구조_과제2-1_201823871_박지헌\main.c(53,31): warning C4047: '<': 'char [10]'의 간접 참조 수준이 'int'과(와) 다릅니다.
C:\Users\82104\source\repos\자료구조_과제2-1_201823871_박지헌\자료구조_과제2-1_201823871_박지헌\main.c(63,72): warning C4047: '함수': 'int'의 간접 참조 수준이 'char [10]'과(와) 다릅니다.
C:\Users\82104\source\repos\자료구조_과제2-1_201823871_박지헌\자료구조_과제2-1_201823871_박지헌\main.c(63,66): warning C4024: 'BST_delete': 형식 및 실제 매개 변수 2의 형식이 서로 다릅니다.
C:\Users\82104\source\repos\자료구조_과제2-1_201823871_박지헌\자료구조_과제2-1_201823871_박지헌\main.c(80,27): warning C4047: '==': 'char [10]'의 간접 참조 수준이 'int'과(와) 다릅니다.
C:\Users\82104\source\repos\자료구조_과제2-1_201823871_박지헌\자료구조_과제2-1_201823871_박지헌\main.c(82,31): warning C4047: '>': 'char [10]'의 간접 참조 수준이 'int'과(와) 다릅니다.
C:\Users\82104\source\repos\자료구조_과제2-1_201823871_박지헌\자료구조_과제2-1_201823871_박지헌\main.c(147,41): warning C4047: '함수': 'char'의 간접 참조 수준이 'char [10]'과(와) 다릅니다.
C:\Users\82104\source\repos\자료구조_과제2-1_201823871_박지헌\자료구조_과제2-1_201823871_박지헌\main.c(147,37): warning C4024: 'BST_insert': 형식 및 실제 매개 변수 2의 형식이 서로 다릅니다.
C:\Users\82104\source\repos\자료구조_과제2-1_201823871_박지헌\자료구조_과제2-1_201823871_박지헌\main.c(147,57): warning C4047: '함수': 'char'의 간접 참조 수준이 'char [20]'과(와) 다릅니다.
C:\Users\82104\source\repos\자료구조_과제2-1_201823871_박지헌\자료구조_과제2-1_201823871_박지헌\main.c(147,49): warning C4024: 'BST_insert': 형식 및 실제 매개 변수 4의 형식이 서로 다릅니다.
C:\Users\82104\source\repos\자료구조_과제2-1_201823871_박지헌\자료구조_과제2-1_201823871_박지헌\main.c(152,41): warning C4047: '함수': 'int'의 간접 참조 수준이 'char [10]'과(와) 다릅니다.
C:\Users\82104\source\repos\자료구조_과제2-1_201823871_박지헌\자료구조_과제2-1_201823871_박지헌\main.c(152,37): warning C4024: 'BST_search': 형식 및 실제 매개 변수 2의 형식이 서로 다릅니다.
C:\Users\82104\source\repos\자료구조_과제2-1_201823871_박지헌\자료구조_과제2-1_201823871_박지헌\main.c(160,41): warning C4047: '함수': 'int'의 간접 참조 수준이 'char [10]'과(와) 다릅니다.
C:\Users\82104\source\repos\자료구조_과제2-1_201823871_박지헌\자료구조_과제2-1_201823871_박지헌\main.c(160,37): warning C4024: 'BST_delete': 형식 및 실제 매개 변수 2의 형식이 서로 다릅니다.
C:\Users\82104\source\repos\자료구조_과제2-1_201823871_박지헌\자료구조_과제2-1_201823871_박지헌\main.c(134,12): warning C4102: 'startPoint': 참조되지 않은 레이블입니다.
  자료구조_과제2-1_201823871_박지헌.vcxproj -> C:\Users\82104\source\repos\자료구조_과제2-1_201823871_박지헌\Debug\자료구조_과제2-1_201823871_박지헌.exe
